Using pre-set license
Built from '2020.3/china_unity/release' branch; Version is '2020.3.18f1c1 (94c5a6b4c040) revision 9749926'; Using compiler version '192528614'; Build Type 'Release'
OS: 'Windows 10 Home China; OS build 19042.1237; Version 2009; 64bit' Language: 'zh' Physical Memory: 32636 MB
BatchMode: 1, IsHumanControllingUs: 0, StartBugReporterOnCrash: 0, Is64bit: 1, IsPro: 0

COMMAND LINE ARGUMENTS:
C:\Program Files\Unity\Hub\Editor\2020.3.18f1c1\Editor\Unity.exe
-adb2
-batchMode
-noUpm
-name
AssetImportWorker0
-projectPath
D:/project_unity/Built-in PBR project
-logFile
Logs/AssetImportWorker0.log
-srvPort
55860
Successfully changed project path to: D:/project_unity/Built-in PBR project
D:/project_unity/Built-in PBR project
Using Asset Import Pipeline V2.
AS: AutoStreaming module initializing.Refreshing native plugins compatible for Editor in 26.28 ms, found 2 plugins.
Preloading 0 native plugins for Editor in 0.00 ms.
Initialize engine version: 2020.3.18f1c1 (94c5a6b4c040)
[Subsystems] Discovering subsystems at path C:/Program Files/Unity/Hub/Editor/2020.3.18f1c1/Editor/Data/Resources/UnitySubsystems
[Subsystems] Discovering subsystems at path D:/project_unity/Built-in PBR project/Assets
GfxDevice: creating device client; threaded=0
Direct3D:
    Version:  Direct3D 11.0 [level 11.1]
    Renderer: NVIDIA GeForce RTX 3070 Laptop GPU (ID=0x24dd)
    Vendor:   
    VRAM:     8044 MB
    Driver:   27.21.14.6681
Initialize mono
Mono path[0] = 'C:/Program Files/Unity/Hub/Editor/2020.3.18f1c1/Editor/Data/Managed'
Mono path[1] = 'C:/Program Files/Unity/Hub/Editor/2020.3.18f1c1/Editor/Data/MonoBleedingEdge/lib/mono/unityjit'
Mono config path = 'C:/Program Files/Unity/Hub/Editor/2020.3.18f1c1/Editor/Data/MonoBleedingEdge/etc'
Using monoOptions --debugger-agent=transport=dt_socket,embedding=1,server=y,suspend=n,address=127.0.0.1:56956
Begin MonoManager ReloadAssembly
Registering precompiled unity dll's ...
Register platform support module: C:/Program Files/Unity/Hub/Editor/2020.3.18f1c1/Editor/Data/PlaybackEngines/WindowsStandaloneSupport/UnityEditor.WindowsStandalone.Extensions.dll
Registered in 0.004678 seconds.
Native extension for WindowsStandalone target not found
Refreshing native plugins compatible for Editor in 24.84 ms, found 2 plugins.
Preloading 0 native plugins for Editor in 0.00 ms.
Mono: successfully reloaded assembly
- Completed reload, in  2.548 seconds
Domain Reload Profiling:
	ReloadAssembly (2548ms)
		BeginReloadAssembly (69ms)
			ExecutionOrderSort (0ms)
			DisableScriptedObjects (0ms)
			BackupInstance (0ms)
			ReleaseScriptingObjects (0ms)
			CreateAndSetChildDomain (1ms)
		EndReloadAssembly (356ms)
			LoadAssemblies (65ms)
			RebuildTransferFunctionScriptingTraits (0ms)
			SetupTypeCache (128ms)
			ReleaseScriptCaches (0ms)
			RebuildScriptCaches (25ms)
			SetupLoadedEditorAssemblies (128ms)
				LogAssemblyErrors (0ms)
				InitializePlatformSupportModulesInManaged (5ms)
				SetLoadedEditorAssemblies (0ms)
				RefreshPlugins (25ms)
				BeforeProcessingInitializeOnLoad (11ms)
				ProcessInitializeOnLoadAttributes (64ms)
				ProcessInitializeOnLoadMethodAttributes (23ms)
				AfterProcessingInitializeOnLoad (0ms)
				EditorAssembliesLoaded (0ms)
			ExecutionOrderSort2 (0ms)
			AwakeInstancesAfterBackupRestoration (0ms)
Platform modules already initialized, skipping
Registering precompiled user dll's ...
Registered in 0.001942 seconds.
Begin MonoManager ReloadAssembly
Native extension for WindowsStandalone target not found
Refreshing native plugins compatible for Editor in 0.33 ms, found 2 plugins.
Preloading 0 native plugins for Editor in 0.00 ms.
[ScriptCompilation] NOT recompiling all scripts because this is an import worker process. Reason to compile was: Define symbols changed
Mono: successfully reloaded assembly
- Completed reload, in  0.836 seconds
Domain Reload Profiling:
	ReloadAssembly (836ms)
		BeginReloadAssembly (133ms)
			ExecutionOrderSort (0ms)
			DisableScriptedObjects (3ms)
			BackupInstance (0ms)
			ReleaseScriptingObjects (0ms)
			CreateAndSetChildDomain (15ms)
		EndReloadAssembly (642ms)
			LoadAssemblies (91ms)
			RebuildTransferFunctionScriptingTraits (0ms)
			SetupTypeCache (202ms)
			ReleaseScriptCaches (0ms)
			RebuildScriptCaches (30ms)
			SetupLoadedEditorAssemblies (268ms)
				LogAssemblyErrors (0ms)
				InitializePlatformSupportModulesInManaged (5ms)
				SetLoadedEditorAssemblies (0ms)
				RefreshPlugins (0ms)
				BeforeProcessingInitializeOnLoad (82ms)
				ProcessInitializeOnLoadAttributes (163ms)
				ProcessInitializeOnLoadMethodAttributes (4ms)
				AfterProcessingInitializeOnLoad (14ms)
				EditorAssembliesLoaded (0ms)
			ExecutionOrderSort2 (0ms)
			AwakeInstancesAfterBackupRestoration (5ms)
Platform modules already initialized, skipping
========================================================================
Worker process is ready to serve import requests
Launched and connected shader compiler UnityShaderCompiler.exe after 0.04 seconds
Refreshing native plugins compatible for Editor in 0.32 ms, found 2 plugins.
Preloading 0 native plugins for Editor in 0.00 ms.
Unloading 1520 Unused Serialized files (Serialized files now loaded: 0)
System memory in use before: 77.3 MB.
System memory in use after: 77.4 MB.

Unloading 16 unused Assets to reduce memory usage. Loaded Objects now: 1957.
Total: 2.525200 ms (FindLiveObjects: 0.126800 ms CreateObjectMapping: 0.036300 ms MarkObjects: 2.304700 ms  DeleteObjects: 0.056600 ms)

AssetImportParameters requested are different than current active one (requested -> active):
  custom:framework-win-MediaFoundation: 216162199b28c13a410421893ffa2e32 -> 
  custom:video-decoder-ogg-theora: a1e56fd34408186e4bbccfd4996cb3dc -> 
  custom:container-muxer-webm: aa71ff27fc2769a1b78a27578f13a17b -> 
  custom:container-demuxer-webm: 4f35f7cbe854078d1ac9338744f61a02 -> 
  custom:container-demuxer-ogg: 62fdf1f143b41e24485cea50d1cbac27 -> 
  custom:video-encoder-webm-vp8: eb34c28f22e8b96e1ab97ce403110664 -> 
  custom:video-codec-MediaFoundation-h265: 746d11721c4dcdbdad8f713fa42b33f4 -> 
  custom:video-decoder-webm-vp8: 9c59270c3fd7afecdb556c50c9e8de78 -> 
  custom:audio-decoder-ogg-vorbis: bf7c407c2cedff20999df2af8eb42d56 -> 
  custom:audio-encoder-webm-vorbis: bf7c407c2cedff20999df2af8eb42d56 -> 
========================================================================
Received Import Request.
  path: ProjectSettings/TagManager.asset
  artifactKey: Guid(00000000000000003000000000000000) Importer(815301076,1909f56bfc062723c751e8b465ee728b)
Start importing ProjectSettings/TagManager.asset using Guid(00000000000000003000000000000000) Importer(815301076,1909f56bfc062723c751e8b465ee728b)  -> (artifact id: '9d4912d2ce8d27bc0ba07c4d09f817c2') in 0.034662 seconds 
  Import took 0.036933 seconds .

========================================================================
Received Import Request.
  Time since last request: 0.004589 seconds.
  path: ProjectSettings/TagManager.asset
  artifactKey: Guid(00000000000000003000000000000000) Importer(815301076,1909f56bfc062723c751e8b465ee728b)
Start importing ProjectSettings/TagManager.asset using Guid(00000000000000003000000000000000) Importer(815301076,1909f56bfc062723c751e8b465ee728b)  -> (artifact id: '9d4912d2ce8d27bc0ba07c4d09f817c2') in 0.001749 seconds 
  Import took 0.003985 seconds .

========================================================================
Received Import Request.
  Time since last request: 3143.695876 seconds.
  path: Assets/Material/Texture/JJ v1 24-uv01_BODY2_Normal.png
  artifactKey: Guid(b208d80d8eecbd74a8324a30f26e1edb) Importer(815301076,1909f56bfc062723c751e8b465ee728b)
Start importing Assets/Material/Texture/JJ v1 24-uv01_BODY2_Normal.png using Guid(b208d80d8eecbd74a8324a30f26e1edb) Importer(815301076,1909f56bfc062723c751e8b465ee728b)  -> (artifact id: '7620f0f2634bbc62608bb49d9dd42ede') in 0.064986 seconds 
  Import took 0.067934 seconds .

========================================================================
Received Import Request.
  Time since last request: 0.001166 seconds.
  path: Assets/Material/Texture/JJ v1 24-uv01_BODY2_Normal.png
  artifactKey: Guid(b208d80d8eecbd74a8324a30f26e1edb) Importer(815301076,1909f56bfc062723c751e8b465ee728b)
Start importing Assets/Material/Texture/JJ v1 24-uv01_BODY2_Normal.png using Guid(b208d80d8eecbd74a8324a30f26e1edb) Importer(815301076,1909f56bfc062723c751e8b465ee728b)  -> (artifact id: '7620f0f2634bbc62608bb49d9dd42ede') in 0.010326 seconds 
  Import took 0.012779 seconds .

========================================================================
Received Import Request.
  Time since last request: 214.173661 seconds.
  path: Assets/Material/Texture/JJ v1 24-uv01_BODY1_Normal.png
  artifactKey: Guid(10cd61f883a834b478c3e8e5df2fe7ab) Importer(815301076,1909f56bfc062723c751e8b465ee728b)
Start importing Assets/Material/Texture/JJ v1 24-uv01_BODY1_Normal.png using Guid(10cd61f883a834b478c3e8e5df2fe7ab) Importer(815301076,1909f56bfc062723c751e8b465ee728b)  -> (artifact id: 'cc739854b10ed1fcc39a389907441fb5') in 0.009292 seconds 
  Import took 0.012017 seconds .

========================================================================
Received Import Request.
  Time since last request: 213.879211 seconds.
  path: Assets/Material/Texture/JJ v1 24-uv01_BACK_Normal.png
  artifactKey: Guid(f396dcbae884b944a92f9aa2fb3f1cf0) Importer(815301076,1909f56bfc062723c751e8b465ee728b)
Start importing Assets/Material/Texture/JJ v1 24-uv01_BACK_Normal.png using Guid(f396dcbae884b944a92f9aa2fb3f1cf0) Importer(815301076,1909f56bfc062723c751e8b465ee728b)  -> (artifact id: '45e1217a96f8b28bbfb7b077ccab5c24') in 0.020783 seconds 
  Import took 0.023571 seconds .

========================================================================
Received Import Request.
  Time since last request: 0.000642 seconds.
  path: Assets/Material/Texture/JJ v1 24-uv01_BACK_Normal.png
  artifactKey: Guid(f396dcbae884b944a92f9aa2fb3f1cf0) Importer(815301076,1909f56bfc062723c751e8b465ee728b)
Start importing Assets/Material/Texture/JJ v1 24-uv01_BACK_Normal.png using Guid(f396dcbae884b944a92f9aa2fb3f1cf0) Importer(815301076,1909f56bfc062723c751e8b465ee728b)  -> (artifact id: '45e1217a96f8b28bbfb7b077ccab5c24') in 0.008669 seconds 
  Import took 0.010832 seconds .

========================================================================
Received Import Request.
  Time since last request: 60.564512 seconds.
  path: Assets/Material/Texture/JJ v1 24-uv01_BODY3_Normal.png
  artifactKey: Guid(397316e4f88fd1542ba33b12bcbe3f0f) Importer(815301076,1909f56bfc062723c751e8b465ee728b)
Start importing Assets/Material/Texture/JJ v1 24-uv01_BODY3_Normal.png using Guid(397316e4f88fd1542ba33b12bcbe3f0f) Importer(815301076,1909f56bfc062723c751e8b465ee728b)  -> (artifact id: '278b3e9f1fc4dce1e4068712d9302448') in 0.014033 seconds 
  Import took 0.016449 seconds .

========================================================================
Received Import Request.
  Time since last request: 183.181682 seconds.
  path: Assets/Material/Texture/JJ v1 24-uv01_ARM_Normal.png
  artifactKey: Guid(f78609a7277194b4c985a744fbbcb616) Importer(815301076,1909f56bfc062723c751e8b465ee728b)
Start importing Assets/Material/Texture/JJ v1 24-uv01_ARM_Normal.png using Guid(f78609a7277194b4c985a744fbbcb616) Importer(815301076,1909f56bfc062723c751e8b465ee728b)  -> (artifact id: '4d3f66160736a3edb38fd68256ba1cff') in 0.012155 seconds 
  Import took 0.014472 seconds .

========================================================================
Received Import Request.
  Time since last request: 65.265832 seconds.
  path: Assets/Prefabs
  artifactKey: Guid(a77d6a1d322ac7d49990c48475097d4f) Importer(815301076,1909f56bfc062723c751e8b465ee728b)
Start importing Assets/Prefabs using Guid(a77d6a1d322ac7d49990c48475097d4f) Importer(815301076,1909f56bfc062723c751e8b465ee728b)  -> (artifact id: 'bc3b7778087c3b52244789dca42325e6') in 0.001440 seconds 
  Import took 0.003706 seconds .

========================================================================
Received Import Request.
  Time since last request: 4.627473 seconds.
  path: Assets/Prefabs/JJ v1 24-uv01.prefab
  artifactKey: Guid(3e335076a8ef67b489da765988b791f5) Importer(815301076,1909f56bfc062723c751e8b465ee728b)
Start importing Assets/Prefabs/JJ v1 24-uv01.prefab using Guid(3e335076a8ef67b489da765988b791f5) Importer(815301076,1909f56bfc062723c751e8b465ee728b)  -> (artifact id: 'fbf17618b52e1a0e379a077c8801207e') in 0.090530 seconds 
  Import took 0.095706 seconds .

========================================================================
Received Import Request.
  Time since last request: 107.454850 seconds.
  path: Assets/Material/Texture/JJ v1 24-uv01_SHOU_Normal.png
  artifactKey: Guid(3e5eadd7038849b4c8bdd0be3b192b63) Importer(815301076,1909f56bfc062723c751e8b465ee728b)
Start importing Assets/Material/Texture/JJ v1 24-uv01_SHOU_Normal.png using Guid(3e5eadd7038849b4c8bdd0be3b192b63) Importer(815301076,1909f56bfc062723c751e8b465ee728b)  -> (artifact id: 'b008c98f3b2ac67a85e6167994225440') in 0.009274 seconds 
  Import took 0.012350 seconds .

========================================================================
Received Import Request.
  Time since last request: 14.822828 seconds.
  path: Assets/models/JJ v1 24-uv01.fbx
  artifactKey: Guid(2f2581db6999edf4ba7f0bec576c0e24) Importer(815301076,1909f56bfc062723c751e8b465ee728b)
Start importing Assets/models/JJ v1 24-uv01.fbx using Guid(2f2581db6999edf4ba7f0bec576c0e24) Importer(815301076,1909f56bfc062723c751e8b465ee728b)  -> (artifact id: '631ba2c1d9e68590e5d4c377e06b2af7') in 0.355480 seconds 
  Import took 0.358986 seconds .

========================================================================
Received Import Request.
  Time since last request: 943.453891 seconds.
  path: Assets/Material/Texture/JJ v1 24-uv01_LEG_Normal.png
  artifactKey: Guid(45f336c6a02240f43a66608ef02009f9) Importer(815301076,1909f56bfc062723c751e8b465ee728b)
Start importing Assets/Material/Texture/JJ v1 24-uv01_LEG_Normal.png using Guid(45f336c6a02240f43a66608ef02009f9) Importer(815301076,1909f56bfc062723c751e8b465ee728b)  -> (artifact id: '1a19097b5f26790533ce46eaab304712') in 0.025908 seconds 
  Import took 0.028586 seconds .

========================================================================
Received Import Request.
  Time since last request: 0.001112 seconds.
  path: Assets/Material/Texture/JJ v1 24-uv01_LEG_Normal.png
  artifactKey: Guid(45f336c6a02240f43a66608ef02009f9) Importer(815301076,1909f56bfc062723c751e8b465ee728b)
Start importing Assets/Material/Texture/JJ v1 24-uv01_LEG_Normal.png using Guid(45f336c6a02240f43a66608ef02009f9) Importer(815301076,1909f56bfc062723c751e8b465ee728b)  -> (artifact id: '1a19097b5f26790533ce46eaab304712') in 0.007884 seconds 
  Import took 0.010408 seconds .

AssetImportWorkerClient::OnTransportError - code=2 error=End of file
